[Opcje]
Połączenie=1
Inkrementacja=1
Logiczne=1
Arytmetyczne=1
Stos=1
RejestrX=1
RejestrY=1
Przerwania=0
Wejście=1
Znaczniki=0
Adres=8
Kod=8
[Rozkazy]
Liczba=26
Nazwa1=hlt
Nazwa2=add
Nazwa3=sub
Nazwa4=cpy
Nazwa5=ld
Nazwa6=jmp
Nazwa7=jg
Nazwa8=jz
Nazwa9=jnz
Nazwa10=gad
Nazwa11=gno
Nazwa12=mvx
Nazwa13=mvy
Nazwa14=aax
Nazwa15=aay
Nazwa16=min
Nazwa17=max
Nazwa18=shl
Nazwa19=spv
Nazwa20=apv
Nazwa21=cpv
Nazwa22=lpa
Nazwa23=rd
Nazwa24=wd
Nazwa25=and
Nazwa26=rds
[hlt]
Linie=4
Linia1=ROZKAZ HLT;
Linia2=Argumenty 0;
Linia3=czyt wys wei il;
Linia4=stop;
[add]
Linie=5
Linia1=// (Ak)+((Ad))->Ak
Linia2=ROZKAZ ADD;
Linia3=czyt wys wei il;
Linia4=wyad wea;
Linia5=czyt wys weja dod weak wyl wea;
[sub]
Linie=5
Linia1=// (Ak)-((Ad))->Ak
Linia2=ROZKAZ SUB;
Linia3=czyt wys wei il;
Linia4=wyad wea;
Linia5=czyt wys weja ode weak wyl wea;
[cpy]
Linie=5
Linia1=// ((Ad))->Ak
Linia2=ROZKAZ CPY;
Linia3=czyt wys wei il;
Linia4=wyad wea;
Linia5=czyt wys weja przep weak wyl wea;
[ld]
Linie=5
Linia1=// (Ak)->(Ad)
Linia2=ROZKAZ LD;
Linia3=czyt wys wei il;
Linia4=wyad wea wyak wes;
Linia5=pisz wyl wea;
[jmp]
Linie=5
Linia1=// skok bezwarunkowy
Linia2=ROZKAZ JMP;
Linia3=Argumenty 1;
Linia4=czyt wys wei il;
Linia5=wyad wea wel;
[jg]
Linie=6
Linia1=// skok gdy (AK) < 0
Linia2=ROZKAZ JG;
Linia3=czyt wys wei il;
Linia4=JEŻELI Z TO @ujemne GDY NIE @dodatnie;
Linia5=@ujemne wyad wea wel KONIEC;
Linia6=@dodatnie wyl wea;
[jz]
Linie=6
Linia1=// skok gdy (AK) = 0
Linia2=ROZKAZ JZ;
Linia3=czyt wys wei il;
Linia4=JEŻELI ZAK TO @zero GDY NIE @notzero;
Linia5=@zero wyad wea wel KONIEC;
Linia6=@notzero wyl wea;
[jnz]
Linie=5
Linia1=ROZKAZ JNZ;
Linia2=czyt wys wei il;
Linia3=JEŻELI ZAK TO @zero GDY NIE @notzero;
Linia4=@notzero wyad wea wel KONIEC;
Linia5=@zero wyl wea;
[gad]
Linie=4
Linia1=ROZKAZ GAD;
Linia2=czyt wys wei il;
Linia3=wyad as weja przep weak;
Linia4=wyl wea;
[gno]
Linie=7
Linia1=ROZKAZ GNO;
Linia2=Argumenty 2;
Linia3=czyt wys wei il;
Linia4=wyad as weja przep weak;
Linia5=wyl wea;
Linia6=czyt wys wey il;
Linia7=wyl wea;
[mvx]
Linie=5
Linia1=ROZKAZ MVX;
Linia2=Argumenty 1;
Linia3=czyt wys wei il;
Linia4=wyad wea;
Linia5=czyt wys wex;
[mvy]
Linie=5
Linia1=ROZKAZ MVY;
Linia2=Argumenty 1;
Linia3=czyt wys wei il;
Linia4=wyad wea;
Linia5=czyt wys wey;
[aax]
Linie=4
Linia1=ROZKAZ AAX;
Linia2=Argumenty 0;
Linia3=czyt wys wei il;
Linia4=wyx weja dod weak;
[aay]
Linie=4
Linia1=ROZKAZ AAY;
Linia2=Argumenty 0;
Linia3=czyt wys wei il;
Linia4=wyy weja dod weak;
[min]
Linie=8
Linia1=ROZKAZ MIN;
Linia2=Argumenty 1;
Linia3=czyt wys wei il;
Linia4=wyad wea;
Linia5=czyt wys weja ode weak;
Linia6=JEŻELI Z TO @lesser GDY NIE @greater; 
Linia7=@greater czyt wys weja przep weak wyl wea KONIEC;          
Linia8=@lesser czyt wys weja dod weak wyl wea;
[max]
Linie=9
Linia1=ROZKAZ MAX;
Linia2=Argumenty 1;
Linia3=czyt wys wei il;
Linia4=wyad wea;
Linia5=czyt wys weja ode weak;
Linia6=JEŻELI Z TO @greater GDY NIE @lesser;
Linia7=@greater czyt wys weja przep weak wyl wea KONIEC;         
Linia8=@lesser czyt wys weja dod weak wyl wea;
Linia9=
[shl]
Linie=5
Linia1=ROZKAZ SHL;
Linia2=Argumenty 0;
Linia3=czyt wys wei il;
Linia4=wyak weja dod weak;
Linia5=wyl wea;
[spv]
Linie=8
Linia1=ROZKAZ SPV; // Substitute pointed value
Linia2=Argumenty 1;
Linia3=czyt wys wei il;
Linia4=wyad wea;
Linia5=czyt wys sa wea;
Linia6=czyt wys weja ode weak wyl wea;
Linia7=
Linia8=
[apv]
Linie=7
Linia1=ROZKAZ APV; // Add pointed value
Linia2=Argumenty 1;
Linia3=czyt wys wei il;
Linia4=wyad wea;
Linia5=czyt wys sa wea;
Linia6=czyt wys weja dod weak wyl wea;
Linia7=
[cpv]
Linie=6
Linia1=ROZKAZ CPV; // Copy pointed value
Linia2=Argumenty 1;
Linia3=czyt wys wei il;
Linia4=wyad wea;
Linia5=czyt wys sa wea;
Linia6=czyt wys weja przep weak wyl wea;
[lpa]
Linie=6
Linia1=ROZKAZ LPA; // Load to pointed address
Linia2=Argumenty 1;
Linia3=czyt wys wei il;
Linia4=wyad wea;
Linia5=czyt wys as wea;
Linia6=wyak wes pisz wyl wea;
Linia7=pisz wyl wea;
[rd]
Linie=10
Linia1=ROZKAZ RD;
Linia2=Argumenty 1;
Linia3=czyt wys wei il;
Linia4=start;
Linia5=wyg weja przep weak;
Linia6=JEŻELI ZAK TO @empty GDY NIE @ready;
Linia7=@empty wyl wea KONIEC;
Linia8=@ready wyrb weja przep weak;
Linia9=wyl wea;
Linia10=
[wd]
Linie=6
Linia1=ROZKAZ WD; // Write data
Linia2=Argumenty 1;
Linia3=czyt wys wei il;
Linia4=start wyak werb wyl wea;
Linia5=
Linia6=
[and]
Linie=5
Linia1=ROZKAZ AND;
Linia2=czyt wys wei il;
Linia3=wyad wea;
Linia4=wys weja i weak;
Linia5=wyl wea;
[rds]
Linie=11
Linia1=ROZKAZ RDS; // Read data stream
Linia2=Argumenty 1;
Linia3=czyt wys wei il; 
Linia4=start; 
Linia5=@empty;
Linia6=wyg weja przep weak;
Linia7=JEŻELI ZAK TO @empty GDY NIE @ready;
Linia8=@ready wyrb weja przep weak;
Linia9=wyl wea;
Linia10=
Linia11=
